c:\local documents\vs\v3d\v3d\release\vc142.pdb
c:\local documents\vs\v3d\v3d\release\vector.obj
c:\local documents\vs\v3d\v3d\release\geometrics.obj
c:\local documents\vs\v3d\v3d\release\scene.obj
c:\local documents\vs\v3d\v3d\release\quaternion.obj
c:\local documents\vs\v3d\v3d\release\quatengine.obj
c:\local documents\vs\v3d\v3d\release\object.obj
c:\local documents\vs\v3d\v3d\release\xable.obj
c:\local documents\vs\v3d\v3d\release\planeobject.obj
c:\local documents\vs\v3d\v3d\release\plane.obj
c:\local documents\vs\v3d\v3d\release\fastfunctions.obj
c:\local documents\vs\v3d\v3d\release\engine.obj
c:\local documents\vs\v3d\v3d\release\matrix.obj
c:\local documents\vs\v3d\v3d\release\main.obj
c:\local documents\vs\v3d\v3d\release\line.obj
c:\local documents\vs\v3d\v3d\release\light.obj
c:\local documents\vs\v3d\v3d\release\fft.obj
c:\local documents\vs\v3d\v3d\release\camera.obj
c:\local documents\vs\v3d\release\v3d.exe
c:\local documents\vs\v3d\release\v3d.pdb
c:\local documents\vs\v3d\release\v3d.ipdb
c:\local documents\vs\v3d\release\v3d.iobj
c:\local documents\vs\v3d\v3d\release\v3d.tlog\cl.command.1.tlog
c:\local documents\vs\v3d\v3d\release\v3d.tlog\cl.read.1.tlog
c:\local documents\vs\v3d\v3d\release\v3d.tlog\cl.write.1.tlog
c:\local documents\vs\v3d\v3d\release\v3d.tlog\link.command.1.tlog
c:\local documents\vs\v3d\v3d\release\v3d.tlog\link.read.1.tlog
c:\local documents\vs\v3d\v3d\release\v3d.tlog\link.write.1.tlog
c:\local documents\vs\v3d\v3d\release\v3d.tlog\v3d.write.1u.tlog
