c:\local documents\vs\v3d\v3d\debug\vc142.pdb
c:\local documents\vs\v3d\v3d\debug\vc142.idb
c:\local documents\vs\v3d\v3d\debug\vector.obj
c:\local documents\vs\v3d\v3d\debug\geometrics.obj
c:\local documents\vs\v3d\v3d\debug\scene.obj
c:\local documents\vs\v3d\v3d\debug\quaternion.obj
c:\local documents\vs\v3d\v3d\debug\quatengine.obj
c:\local documents\vs\v3d\v3d\debug\object.obj
c:\local documents\vs\v3d\v3d\debug\xable.obj
c:\local documents\vs\v3d\v3d\debug\fastfunctions.obj
c:\local documents\vs\v3d\v3d\debug\engine.obj
c:\local documents\vs\v3d\v3d\debug\matrix.obj
c:\local documents\vs\v3d\v3d\debug\main.obj
c:\local documents\vs\v3d\v3d\debug\light.obj
c:\local documents\vs\v3d\v3d\debug\fft.obj
c:\local documents\vs\v3d\v3d\debug\camera.obj
c:\local documents\vs\v3d\debug\v3d.ilk
c:\local documents\vs\v3d\debug\v3d.exe
c:\local documents\vs\v3d\debug\v3d.pdb
c:\local documents\vs\v3d\v3d\debug\v3d.tlog\cl.command.1.tlog
c:\local documents\vs\v3d\v3d\debug\v3d.tlog\cl.read.1.tlog
c:\local documents\vs\v3d\v3d\debug\v3d.tlog\cl.write.1.tlog
c:\local documents\vs\v3d\v3d\debug\v3d.tlog\link.command.1.tlog
c:\local documents\vs\v3d\v3d\debug\v3d.tlog\link.read.1.tlog
c:\local documents\vs\v3d\v3d\debug\v3d.tlog\link.write.1.tlog
