  XAble.cpp
C:\Local_documents\VS\V3D-Engine\V3D\Constants.h(5,39): warning C4305: 'initializing': truncation from 'double' to 'const float'
C:\Local_documents\VS\V3D-Engine\V3D\Constants.h(6,40): warning C4305: 'initializing': truncation from 'double' to 'const float'
C:\Local_documents\VS\V3D-Engine\V3D\Constants.h(7,45): warning C4305: 'initializing': truncation from 'double' to 'const float'
C:\Local_documents\VS\V3D-Engine\V3D\Constants.h(8,36): warning C4305: 'initializing': truncation from 'double' to 'const float'
C:\Local_documents\VS\V3D-Engine\V3D\Quaternion.cpp(140,16): warning C4244: 'argument': conversion from 'double' to 'dtype', possible loss of data
          with
          [
              dtype=float
          ]
C:\Local_documents\VS\V3D-Engine\V3D\Quaternion.cpp(127): message : while compiling class template member function 'Quaternion<float> Quaternion<float>::getRotationQuaternion(float,float,float)'
C:\Local_documents\VS\V3D-Engine\V3D\XAble.cpp(155): message : see reference to function template instantiation 'Quaternion<float> Quaternion<float>::getRotationQuaternion(float,float,float)' being compiled
C:\Local_documents\VS\V3D-Engine\V3D\Quaternion.cpp(140): message : see reference to class template instantiation 'Quaternion<float>' being compiled
C:\Local_documents\VS\V3D-Engine\V3D\Quaternion.cpp(139,16): warning C4244: 'argument': conversion from 'double' to 'dtype', possible loss of data
          with
          [
              dtype=float
          ]
C:\Local_documents\VS\V3D-Engine\V3D\Quaternion.cpp(138,16): warning C4244: 'argument': conversion from 'double' to 'dtype', possible loss of data
          with
          [
              dtype=float
          ]
C:\Local_documents\VS\V3D-Engine\V3D\Quaternion.cpp(137,16): warning C4244: 'argument': conversion from 'double' to 'dtype', possible loss of data
          with
          [
              dtype=float
          ]
  Generating code
  5 of 1810 functions ( 0.3%) were compiled, the rest were copied from previous compilation.
    0 functions were new in current compilation
    1 functions had inline decision re-evaluated but remain unchanged
  Finished generating code
  V3D.vcxproj -> C:\Local_documents\VS\V3D-Engine\x64\Release\V3D.exe
