c:\local_documents\vs\v3d-engine\v3d\x64\release\vc142.pdb
c:\local_documents\vs\v3d-engine\v3d\x64\release\vector.obj
c:\local_documents\vs\v3d-engine\v3d\x64\release\geometrics.obj
c:\local_documents\vs\v3d-engine\v3d\x64\release\scene.obj
c:\local_documents\vs\v3d-engine\v3d\x64\release\quaternion.obj
c:\local_documents\vs\v3d-engine\v3d\x64\release\quatengine.obj
c:\local_documents\vs\v3d-engine\v3d\x64\release\object.obj
c:\local_documents\vs\v3d-engine\v3d\x64\release\xable.obj
c:\local_documents\vs\v3d-engine\v3d\x64\release\planeobject.obj
c:\local_documents\vs\v3d-engine\v3d\x64\release\plane.obj
c:\local_documents\vs\v3d-engine\v3d\x64\release\fastfunctions.obj
c:\local_documents\vs\v3d-engine\v3d\x64\release\engine.obj
c:\local_documents\vs\v3d-engine\v3d\x64\release\matrix.obj
c:\local_documents\vs\v3d-engine\v3d\x64\release\main.obj
c:\local_documents\vs\v3d-engine\v3d\x64\release\line.obj
c:\local_documents\vs\v3d-engine\v3d\x64\release\light.obj
c:\local_documents\vs\v3d-engine\v3d\x64\release\fft.obj
c:\local_documents\vs\v3d-engine\v3d\x64\release\camera.obj
c:\local_documents\vs\v3d-engine\x64\release\v3d.exe
c:\local_documents\vs\v3d-engine\v3d\x64\release\v3d.ipdb
c:\local_documents\vs\v3d-engine\v3d\x64\release\v3d.iobj
c:\local_documents\vs\v3d-engine\x64\release\v3d.pdb
c:\local_documents\vs\v3d-engine\v3d\x64\release\v3d.tlog\cl.command.1.tlog
c:\local_documents\vs\v3d-engine\v3d\x64\release\v3d.tlog\cl.read.1.tlog
c:\local_documents\vs\v3d-engine\v3d\x64\release\v3d.tlog\cl.write.1.tlog
c:\local_documents\vs\v3d-engine\v3d\x64\release\v3d.tlog\link.command.1.tlog
c:\local_documents\vs\v3d-engine\v3d\x64\release\v3d.tlog\link.read.1.tlog
c:\local_documents\vs\v3d-engine\v3d\x64\release\v3d.tlog\link.write.1.tlog
